<?xml version="1.0" encoding="UTF-8"?>
<testsuite xmlns:xsi="http://www.w3.org/2001/XMLSchema-instance" xsi:noNamespaceSchemaLocation="https://maven.apache.org/surefire/maven-surefire-plugin/xsd/surefire-test-report.xsd" name="com.pccwglobal.assessment.marssitest.service.impl.UserServiceImplTest" time="0.591" tests="5" errors="0" skipped="0" failures="0">
  <properties>
    <property name="sun.desktop" value="windows"/>
    <property name="awt.toolkit" value="sun.awt.windows.WToolkit"/>
    <property name="file.encoding.pkg" value="sun.io"/>
    <property name="java.specification.version" value="1.8"/>
    <property name="sun.cpu.isalist" value="pentium_pro+mmx pentium_pro pentium+mmx pentium i486 i386 i86"/>
    <property name="sun.jnu.encoding" value="GBK"/>
    <property name="java.class.path" value="D:\FrontEnd\pccw\assessment\mars-si-test\target\test-classes;D:\FrontEnd\pccw\assessment\mars-si-test\target\classes;E:\JavaTools\eclipse\mavenRepository\org\springframework\boot\spring-boot-starter-data-jpa\2.0.4.RELEASE\spring-boot-starter-data-jpa-2.0.4.RELEASE.jar;E:\JavaTools\eclipse\mavenRepository\org\springframework\boot\spring-boot-starter\2.0.4.RELEASE\spring-boot-starter-2.0.4.RELEASE.jar;E:\JavaTools\eclipse\mavenRepository\org\springframework\boot\spring-boot-starter-logging\2.0.4.RELEASE\spring-boot-starter-logging-2.0.4.RELEASE.jar;E:\JavaTools\eclipse\mavenRepository\org\apache\logging\log4j\log4j-to-slf4j\2.10.0\log4j-to-slf4j-2.10.0.jar;E:\JavaTools\eclipse\mavenRepository\org\slf4j\jul-to-slf4j\1.7.25\jul-to-slf4j-1.7.25.jar;E:\JavaTools\eclipse\mavenRepository\javax\annotation\javax.annotation-api\1.3.2\javax.annotation-api-1.3.2.jar;E:\JavaTools\eclipse\mavenRepository\org\yaml\snakeyaml\1.19\snakeyaml-1.19.jar;E:\JavaTools\eclipse\mavenRepository\org\springframework\boot\spring-boot-starter-aop\2.0.4.RELEASE\spring-boot-starter-aop-2.0.4.RELEASE.jar;E:\JavaTools\eclipse\mavenRepository\org\springframework\spring-aop\5.0.8.RELEASE\spring-aop-5.0.8.RELEASE.jar;E:\JavaTools\eclipse\mavenRepository\org\aspectj\aspectjweaver\1.8.13\aspectjweaver-1.8.13.jar;E:\JavaTools\eclipse\mavenRepository\org\springframework\boot\spring-boot-starter-jdbc\2.0.4.RELEASE\spring-boot-starter-jdbc-2.0.4.RELEASE.jar;E:\JavaTools\eclipse\mavenRepository\com\zaxxer\HikariCP\2.7.9\HikariCP-2.7.9.jar;E:\JavaTools\eclipse\mavenRepository\org\springframework\spring-jdbc\5.0.8.RELEASE\spring-jdbc-5.0.8.RELEASE.jar;E:\JavaTools\eclipse\mavenRepository\org\hibernate\hibernate-core\5.2.17.Final\hibernate-core-5.2.17.Final.jar;E:\JavaTools\eclipse\mavenRepository\org\jboss\logging\jboss-logging\3.3.2.Final\jboss-logging-3.3.2.Final.jar;E:\JavaTools\eclipse\mavenRepository\org\hibernate\javax\persistence\hibernate-jpa-2.1-api\1.0.2.Final\hibernate-jpa-2.1-api-1.0.2.Final.jar;E:\JavaTools\eclipse\mavenRepository\org\javassist\javassist\3.22.0-GA\javassist-3.22.0-GA.jar;E:\JavaTools\eclipse\mavenRepository\antlr\antlr\2.7.7\antlr-2.7.7.jar;E:\JavaTools\eclipse\mavenRepository\org\jboss\jandex\2.0.3.Final\jandex-2.0.3.Final.jar;E:\JavaTools\eclipse\mavenRepository\com\fasterxml\classmate\1.3.4\classmate-1.3.4.jar;E:\JavaTools\eclipse\mavenRepository\dom4j\dom4j\1.6.1\dom4j-1.6.1.jar;E:\JavaTools\eclipse\mavenRepository\org\hibernate\common\hibernate-commons-annotations\5.0.1.Final\hibernate-commons-annotations-5.0.1.Final.jar;E:\JavaTools\eclipse\mavenRepository\javax\transaction\javax.transaction-api\1.2\javax.transaction-api-1.2.jar;E:\JavaTools\eclipse\mavenRepository\org\springframework\data\spring-data-jpa\2.0.9.RELEASE\spring-data-jpa-2.0.9.RELEASE.jar;E:\JavaTools\eclipse\mavenRepository\org\springframework\data\spring-data-commons\2.0.9.RELEASE\spring-data-commons-2.0.9.RELEASE.jar;E:\JavaTools\eclipse\mavenRepository\org\springframework\spring-orm\5.0.8.RELEASE\spring-orm-5.0.8.RELEASE.jar;E:\JavaTools\eclipse\mavenRepository\org\springframework\spring-context\5.0.8.RELEASE\spring-context-5.0.8.RELEASE.jar;E:\JavaTools\eclipse\mavenRepository\org\springframework\spring-expression\5.0.8.RELEASE\spring-expression-5.0.8.RELEASE.jar;E:\JavaTools\eclipse\mavenRepository\org\springframework\spring-tx\5.0.8.RELEASE\spring-tx-5.0.8.RELEASE.jar;E:\JavaTools\eclipse\mavenRepository\org\springframework\spring-beans\5.0.8.RELEASE\spring-beans-5.0.8.RELEASE.jar;E:\JavaTools\eclipse\mavenRepository\org\slf4j\slf4j-api\1.7.25\slf4j-api-1.7.25.jar;E:\JavaTools\eclipse\mavenRepository\org\springframework\spring-aspects\5.0.8.RELEASE\spring-aspects-5.0.8.RELEASE.jar;E:\JavaTools\eclipse\mavenRepository\org\apache\httpcomponents\httpclient\4.5.6\httpclient-4.5.6.jar;E:\JavaTools\eclipse\mavenRepository\org\apache\httpcomponents\httpcore\4.4.10\httpcore-4.4.10.jar;E:\JavaTools\eclipse\mavenRepository\commons-codec\commons-codec\1.11\commons-codec-1.11.jar;E:\JavaTools\eclipse\mavenRepository\org\apache\httpcomponents\fluent-hc\4.5.6\fluent-hc-4.5.6.jar;E:\JavaTools\eclipse\mavenRepository\commons-logging\commons-logging\1.2\commons-logging-1.2.jar;E:\JavaTools\eclipse\mavenRepository\com\fasterxml\jackson\core\jackson-core\2.9.6\jackson-core-2.9.6.jar;E:\JavaTools\eclipse\mavenRepository\com\fasterxml\jackson\core\jackson-databind\2.9.6\jackson-databind-2.9.6.jar;E:\JavaTools\eclipse\mavenRepository\com\fasterxml\jackson\core\jackson-annotations\2.9.0\jackson-annotations-2.9.0.jar;E:\JavaTools\eclipse\mavenRepository\org\springframework\boot\spring-boot-devtools\2.0.4.RELEASE\spring-boot-devtools-2.0.4.RELEASE.jar;E:\JavaTools\eclipse\mavenRepository\org\springframework\boot\spring-boot\2.0.4.RELEASE\spring-boot-2.0.4.RELEASE.jar;E:\JavaTools\eclipse\mavenRepository\org\springframework\boot\spring-boot-autoconfigure\2.0.4.RELEASE\spring-boot-autoconfigure-2.0.4.RELEASE.jar;E:\JavaTools\eclipse\mavenRepository\mysql\mysql-connector-java\5.1.46\mysql-connector-java-5.1.46.jar;E:\JavaTools\eclipse\mavenRepository\org\springframework\boot\spring-boot-starter-test\2.0.4.RELEASE\spring-boot-starter-test-2.0.4.RELEASE.jar;E:\JavaTools\eclipse\mavenRepository\org\springframework\boot\spring-boot-test\2.0.4.RELEASE\spring-boot-test-2.0.4.RELEASE.jar;E:\JavaTools\eclipse\mavenRepository\org\springframework\boot\spring-boot-test-autoconfigure\2.0.4.RELEASE\spring-boot-test-autoconfigure-2.0.4.RELEASE.jar;E:\JavaTools\eclipse\mavenRepository\com\jayway\jsonpath\json-path\2.4.0\json-path-2.4.0.jar;E:\JavaTools\eclipse\mavenRepository\net\minidev\json-smart\2.3\json-smart-2.3.jar;E:\JavaTools\eclipse\mavenRepository\net\minidev\accessors-smart\1.2\accessors-smart-1.2.jar;E:\JavaTools\eclipse\mavenRepository\junit\junit\4.12\junit-4.12.jar;E:\JavaTools\eclipse\mavenRepository\org\assertj\assertj-core\3.9.1\assertj-core-3.9.1.jar;E:\JavaTools\eclipse\mavenRepository\org\mockito\mockito-core\2.15.0\mockito-core-2.15.0.jar;E:\JavaTools\eclipse\mavenRepository\net\bytebuddy\byte-buddy\1.7.11\byte-buddy-1.7.11.jar;E:\JavaTools\eclipse\mavenRepository\net\bytebuddy\byte-buddy-agent\1.7.11\byte-buddy-agent-1.7.11.jar;E:\JavaTools\eclipse\mavenRepository\org\objenesis\objenesis\2.6\objenesis-2.6.jar;E:\JavaTools\eclipse\mavenRepository\org\hamcrest\hamcrest-core\1.3\hamcrest-core-1.3.jar;E:\JavaTools\eclipse\mavenRepository\org\hamcrest\hamcrest-library\1.3\hamcrest-library-1.3.jar;E:\JavaTools\eclipse\mavenRepository\org\skyscreamer\jsonassert\1.5.0\jsonassert-1.5.0.jar;E:\JavaTools\eclipse\mavenRepository\com\vaadin\external\google\android-json\0.0.20131108.vaadin1\android-json-0.0.20131108.vaadin1.jar;E:\JavaTools\eclipse\mavenRepository\org\springframework\spring-core\5.0.8.RELEASE\spring-core-5.0.8.RELEASE.jar;E:\JavaTools\eclipse\mavenRepository\org\springframework\spring-jcl\5.0.8.RELEASE\spring-jcl-5.0.8.RELEASE.jar;E:\JavaTools\eclipse\mavenRepository\org\springframework\spring-test\5.0.8.RELEASE\spring-test-5.0.8.RELEASE.jar;E:\JavaTools\eclipse\mavenRepository\org\xmlunit\xmlunit-core\2.5.1\xmlunit-core-2.5.1.jar;E:\JavaTools\eclipse\mavenRepository\com\github\noconnor\junitperf\1.9.1\junitperf-1.9.1.jar;E:\JavaTools\eclipse\mavenRepository\org\apache\commons\commons-lang3\3.7\commons-lang3-3.7.jar;E:\JavaTools\eclipse\mavenRepository\ch\qos\logback\logback-classic\1.2.3\logback-classic-1.2.3.jar;E:\JavaTools\eclipse\mavenRepository\ch\qos\logback\logback-core\1.2.3\logback-core-1.2.3.jar;E:\JavaTools\eclipse\mavenRepository\com\google\guava\guava\19.0\guava-19.0.jar;E:\JavaTools\eclipse\mavenRepository\commons-collections\commons-collections\3.2.2\commons-collections-3.2.2.jar;E:\JavaTools\eclipse\mavenRepository\commons-math\commons-math\1.2\commons-math-1.2.jar;E:\JavaTools\eclipse\mavenRepository\org\jtwig\jtwig-core\5.86.1.RELEASE\jtwig-core-5.86.1.RELEASE.jar;E:\JavaTools\eclipse\mavenRepository\org\jtwig\jtwig-reflection\5.86.1.RELEASE\jtwig-reflection-5.86.1.RELEASE.jar;E:\JavaTools\eclipse\mavenRepository\org\parboiled\parboiled-java\1.1.7\parboiled-java-1.1.7.jar;E:\JavaTools\eclipse\mavenRepository\org\parboiled\parboiled-core\1.1.7\parboiled-core-1.1.7.jar;E:\JavaTools\eclipse\mavenRepository\org\ow2\asm\asm\5.0.3\asm-5.0.3.jar;E:\JavaTools\eclipse\mavenRepository\org\ow2\asm\asm-tree\5.0.3\asm-tree-5.0.3.jar;E:\JavaTools\eclipse\mavenRepository\org\ow2\asm\asm-analysis\5.0.3\asm-analysis-5.0.3.jar;E:\JavaTools\eclipse\mavenRepository\org\ow2\asm\asm-util\5.0.3\asm-util-5.0.3.jar;E:\JavaTools\eclipse\mavenRepository\com\googlecode\concurrentlinkedhashmap\concurrentlinkedhashmap-lru\1.4.2\concurrentlinkedhashmap-lru-1.4.2.jar;"/>
    <property name="java.vm.vendor" value="Oracle Corporation"/>
    <property name="sun.arch.data.model" value="32"/>
    <property name="user.variant" value=""/>
    <property name="java.vendor.url" value="http://java.oracle.com/"/>
    <property name="user.timezone" value=""/>
    <property name="user.country.format" value="AU"/>
    <property name="java.vm.specification.version" value="1.8"/>
    <property name="os.name" value="Windows 7"/>
    <property name="user.country" value="CN"/>
    <property name="sun.java.launcher" value="SUN_STANDARD"/>
    <property name="sun.boot.library.path" value="C:\Program Files\Java\jdk1.8.0_162\jre\bin"/>
    <property name="sun.java.command" value="C:\Users\ADMINI~1\AppData\Local\Temp\surefire5097231762438358919\surefirebooter6914051090043461431.jar C:\Users\Administrator\AppData\Local\Temp\surefire5097231762438358919 2018-08-06T02-00-56_079-jvmRun1 surefire5185932376904593452tmp surefire_08402155162227008727tmp"/>
    <property name="surefire.test.class.path" value="D:\FrontEnd\pccw\assessment\mars-si-test\target\test-classes;D:\FrontEnd\pccw\assessment\mars-si-test\target\classes;E:\JavaTools\eclipse\mavenRepository\org\springframework\boot\spring-boot-starter-data-jpa\2.0.4.RELEASE\spring-boot-starter-data-jpa-2.0.4.RELEASE.jar;E:\JavaTools\eclipse\mavenRepository\org\springframework\boot\spring-boot-starter\2.0.4.RELEASE\spring-boot-starter-2.0.4.RELEASE.jar;E:\JavaTools\eclipse\mavenRepository\org\springframework\boot\spring-boot-starter-logging\2.0.4.RELEASE\spring-boot-starter-logging-2.0.4.RELEASE.jar;E:\JavaTools\eclipse\mavenRepository\org\apache\logging\log4j\log4j-to-slf4j\2.10.0\log4j-to-slf4j-2.10.0.jar;E:\JavaTools\eclipse\mavenRepository\org\slf4j\jul-to-slf4j\1.7.25\jul-to-slf4j-1.7.25.jar;E:\JavaTools\eclipse\mavenRepository\javax\annotation\javax.annotation-api\1.3.2\javax.annotation-api-1.3.2.jar;E:\JavaTools\eclipse\mavenRepository\org\yaml\snakeyaml\1.19\snakeyaml-1.19.jar;E:\JavaTools\eclipse\mavenRepository\org\springframework\boot\spring-boot-starter-aop\2.0.4.RELEASE\spring-boot-starter-aop-2.0.4.RELEASE.jar;E:\JavaTools\eclipse\mavenRepository\org\springframework\spring-aop\5.0.8.RELEASE\spring-aop-5.0.8.RELEASE.jar;E:\JavaTools\eclipse\mavenRepository\org\aspectj\aspectjweaver\1.8.13\aspectjweaver-1.8.13.jar;E:\JavaTools\eclipse\mavenRepository\org\springframework\boot\spring-boot-starter-jdbc\2.0.4.RELEASE\spring-boot-starter-jdbc-2.0.4.RELEASE.jar;E:\JavaTools\eclipse\mavenRepository\com\zaxxer\HikariCP\2.7.9\HikariCP-2.7.9.jar;E:\JavaTools\eclipse\mavenRepository\org\springframework\spring-jdbc\5.0.8.RELEASE\spring-jdbc-5.0.8.RELEASE.jar;E:\JavaTools\eclipse\mavenRepository\org\hibernate\hibernate-core\5.2.17.Final\hibernate-core-5.2.17.Final.jar;E:\JavaTools\eclipse\mavenRepository\org\jboss\logging\jboss-logging\3.3.2.Final\jboss-logging-3.3.2.Final.jar;E:\JavaTools\eclipse\mavenRepository\org\hibernate\javax\persistence\hibernate-jpa-2.1-api\1.0.2.Final\hibernate-jpa-2.1-api-1.0.2.Final.jar;E:\JavaTools\eclipse\mavenRepository\org\javassist\javassist\3.22.0-GA\javassist-3.22.0-GA.jar;E:\JavaTools\eclipse\mavenRepository\antlr\antlr\2.7.7\antlr-2.7.7.jar;E:\JavaTools\eclipse\mavenRepository\org\jboss\jandex\2.0.3.Final\jandex-2.0.3.Final.jar;E:\JavaTools\eclipse\mavenRepository\com\fasterxml\classmate\1.3.4\classmate-1.3.4.jar;E:\JavaTools\eclipse\mavenRepository\dom4j\dom4j\1.6.1\dom4j-1.6.1.jar;E:\JavaTools\eclipse\mavenRepository\org\hibernate\common\hibernate-commons-annotations\5.0.1.Final\hibernate-commons-annotations-5.0.1.Final.jar;E:\JavaTools\eclipse\mavenRepository\javax\transaction\javax.transaction-api\1.2\javax.transaction-api-1.2.jar;E:\JavaTools\eclipse\mavenRepository\org\springframework\data\spring-data-jpa\2.0.9.RELEASE\spring-data-jpa-2.0.9.RELEASE.jar;E:\JavaTools\eclipse\mavenRepository\org\springframework\data\spring-data-commons\2.0.9.RELEASE\spring-data-commons-2.0.9.RELEASE.jar;E:\JavaTools\eclipse\mavenRepository\org\springframework\spring-orm\5.0.8.RELEASE\spring-orm-5.0.8.RELEASE.jar;E:\JavaTools\eclipse\mavenRepository\org\springframework\spring-context\5.0.8.RELEASE\spring-context-5.0.8.RELEASE.jar;E:\JavaTools\eclipse\mavenRepository\org\springframework\spring-expression\5.0.8.RELEASE\spring-expression-5.0.8.RELEASE.jar;E:\JavaTools\eclipse\mavenRepository\org\springframework\spring-tx\5.0.8.RELEASE\spring-tx-5.0.8.RELEASE.jar;E:\JavaTools\eclipse\mavenRepository\org\springframework\spring-beans\5.0.8.RELEASE\spring-beans-5.0.8.RELEASE.jar;E:\JavaTools\eclipse\mavenRepository\org\slf4j\slf4j-api\1.7.25\slf4j-api-1.7.25.jar;E:\JavaTools\eclipse\mavenRepository\org\springframework\spring-aspects\5.0.8.RELEASE\spring-aspects-5.0.8.RELEASE.jar;E:\JavaTools\eclipse\mavenRepository\org\apache\httpcomponents\httpclient\4.5.6\httpclient-4.5.6.jar;E:\JavaTools\eclipse\mavenRepository\org\apache\httpcomponents\httpcore\4.4.10\httpcore-4.4.10.jar;E:\JavaTools\eclipse\mavenRepository\commons-codec\commons-codec\1.11\commons-codec-1.11.jar;E:\JavaTools\eclipse\mavenRepository\org\apache\httpcomponents\fluent-hc\4.5.6\fluent-hc-4.5.6.jar;E:\JavaTools\eclipse\mavenRepository\commons-logging\commons-logging\1.2\commons-logging-1.2.jar;E:\JavaTools\eclipse\mavenRepository\com\fasterxml\jackson\core\jackson-core\2.9.6\jackson-core-2.9.6.jar;E:\JavaTools\eclipse\mavenRepository\com\fasterxml\jackson\core\jackson-databind\2.9.6\jackson-databind-2.9.6.jar;E:\JavaTools\eclipse\mavenRepository\com\fasterxml\jackson\core\jackson-annotations\2.9.0\jackson-annotations-2.9.0.jar;E:\JavaTools\eclipse\mavenRepository\org\springframework\boot\spring-boot-devtools\2.0.4.RELEASE\spring-boot-devtools-2.0.4.RELEASE.jar;E:\JavaTools\eclipse\mavenRepository\org\springframework\boot\spring-boot\2.0.4.RELEASE\spring-boot-2.0.4.RELEASE.jar;E:\JavaTools\eclipse\mavenRepository\org\springframework\boot\spring-boot-autoconfigure\2.0.4.RELEASE\spring-boot-autoconfigure-2.0.4.RELEASE.jar;E:\JavaTools\eclipse\mavenRepository\mysql\mysql-connector-java\5.1.46\mysql-connector-java-5.1.46.jar;E:\JavaTools\eclipse\mavenRepository\org\springframework\boot\spring-boot-starter-test\2.0.4.RELEASE\spring-boot-starter-test-2.0.4.RELEASE.jar;E:\JavaTools\eclipse\mavenRepository\org\springframework\boot\spring-boot-test\2.0.4.RELEASE\spring-boot-test-2.0.4.RELEASE.jar;E:\JavaTools\eclipse\mavenRepository\org\springframework\boot\spring-boot-test-autoconfigure\2.0.4.RELEASE\spring-boot-test-autoconfigure-2.0.4.RELEASE.jar;E:\JavaTools\eclipse\mavenRepository\com\jayway\jsonpath\json-path\2.4.0\json-path-2.4.0.jar;E:\JavaTools\eclipse\mavenRepository\net\minidev\json-smart\2.3\json-smart-2.3.jar;E:\JavaTools\eclipse\mavenRepository\net\minidev\accessors-smart\1.2\accessors-smart-1.2.jar;E:\JavaTools\eclipse\mavenRepository\junit\junit\4.12\junit-4.12.jar;E:\JavaTools\eclipse\mavenRepository\org\assertj\assertj-core\3.9.1\assertj-core-3.9.1.jar;E:\JavaTools\eclipse\mavenRepository\org\mockito\mockito-core\2.15.0\mockito-core-2.15.0.jar;E:\JavaTools\eclipse\mavenRepository\net\bytebuddy\byte-buddy\1.7.11\byte-buddy-1.7.11.jar;E:\JavaTools\eclipse\mavenRepository\net\bytebuddy\byte-buddy-agent\1.7.11\byte-buddy-agent-1.7.11.jar;E:\JavaTools\eclipse\mavenRepository\org\objenesis\objenesis\2.6\objenesis-2.6.jar;E:\JavaTools\eclipse\mavenRepository\org\hamcrest\hamcrest-core\1.3\hamcrest-core-1.3.jar;E:\JavaTools\eclipse\mavenRepository\org\hamcrest\hamcrest-library\1.3\hamcrest-library-1.3.jar;E:\JavaTools\eclipse\mavenRepository\org\skyscreamer\jsonassert\1.5.0\jsonassert-1.5.0.jar;E:\JavaTools\eclipse\mavenRepository\com\vaadin\external\google\android-json\0.0.20131108.vaadin1\android-json-0.0.20131108.vaadin1.jar;E:\JavaTools\eclipse\mavenRepository\org\springframework\spring-core\5.0.8.RELEASE\spring-core-5.0.8.RELEASE.jar;E:\JavaTools\eclipse\mavenRepository\org\springframework\spring-jcl\5.0.8.RELEASE\spring-jcl-5.0.8.RELEASE.jar;E:\JavaTools\eclipse\mavenRepository\org\springframework\spring-test\5.0.8.RELEASE\spring-test-5.0.8.RELEASE.jar;E:\JavaTools\eclipse\mavenRepository\org\xmlunit\xmlunit-core\2.5.1\xmlunit-core-2.5.1.jar;E:\JavaTools\eclipse\mavenRepository\com\github\noconnor\junitperf\1.9.1\junitperf-1.9.1.jar;E:\JavaTools\eclipse\mavenRepository\org\apache\commons\commons-lang3\3.7\commons-lang3-3.7.jar;E:\JavaTools\eclipse\mavenRepository\ch\qos\logback\logback-classic\1.2.3\logback-classic-1.2.3.jar;E:\JavaTools\eclipse\mavenRepository\ch\qos\logback\logback-core\1.2.3\logback-core-1.2.3.jar;E:\JavaTools\eclipse\mavenRepository\com\google\guava\guava\19.0\guava-19.0.jar;E:\JavaTools\eclipse\mavenRepository\commons-collections\commons-collections\3.2.2\commons-collections-3.2.2.jar;E:\JavaTools\eclipse\mavenRepository\commons-math\commons-math\1.2\commons-math-1.2.jar;E:\JavaTools\eclipse\mavenRepository\org\jtwig\jtwig-core\5.86.1.RELEASE\jtwig-core-5.86.1.RELEASE.jar;E:\JavaTools\eclipse\mavenRepository\org\jtwig\jtwig-reflection\5.86.1.RELEASE\jtwig-reflection-5.86.1.RELEASE.jar;E:\JavaTools\eclipse\mavenRepository\org\parboiled\parboiled-java\1.1.7\parboiled-java-1.1.7.jar;E:\JavaTools\eclipse\mavenRepository\org\parboiled\parboiled-core\1.1.7\parboiled-core-1.1.7.jar;E:\JavaTools\eclipse\mavenRepository\org\ow2\asm\asm\5.0.3\asm-5.0.3.jar;E:\JavaTools\eclipse\mavenRepository\org\ow2\asm\asm-tree\5.0.3\asm-tree-5.0.3.jar;E:\JavaTools\eclipse\mavenRepository\org\ow2\asm\asm-analysis\5.0.3\asm-analysis-5.0.3.jar;E:\JavaTools\eclipse\mavenRepository\org\ow2\asm\asm-util\5.0.3\asm-util-5.0.3.jar;E:\JavaTools\eclipse\mavenRepository\com\googlecode\concurrentlinkedhashmap\concurrentlinkedhashmap-lru\1.4.2\concurrentlinkedhashmap-lru-1.4.2.jar;"/>
    <property name="sun.cpu.endian" value="little"/>
    <property name="user.home" value="C:\Users\Administrator"/>
    <property name="user.language" value="zh"/>
    <property name="java.specification.vendor" value="Oracle Corporation"/>
    <property name="java.home" value="C:\Program Files\Java\jdk1.8.0_162\jre"/>
    <property name="basedir" value="D:\FrontEnd\pccw\assessment\mars-si-test"/>
    <property name="file.separator" value="\"/>
    <property name="line.separator" value="&#10;"/>
    <property name="java.vm.specification.vendor" value="Oracle Corporation"/>
    <property name="java.specification.name" value="Java Platform API Specification"/>
    <property name="java.awt.graphicsenv" value="sun.awt.Win32GraphicsEnvironment"/>
    <property name="surefire.real.class.path" value="C:\Users\ADMINI~1\AppData\Local\Temp\surefire5097231762438358919\surefirebooter6914051090043461431.jar"/>
    <property name="sun.boot.class.path" value="C:\Program Files\Java\jdk1.8.0_162\jre\lib\resources.jar;C:\Program Files\Java\jdk1.8.0_162\jre\lib\rt.jar;C:\Program Files\Java\jdk1.8.0_162\jre\lib\sunrsasign.jar;C:\Program Files\Java\jdk1.8.0_162\jre\lib\jsse.jar;C:\Program Files\Java\jdk1.8.0_162\jre\lib\jce.jar;C:\Program Files\Java\jdk1.8.0_162\jre\lib\charsets.jar;C:\Program Files\Java\jdk1.8.0_162\jre\lib\jfr.jar;C:\Program Files\Java\jdk1.8.0_162\jre\classes"/>
    <property name="user.script" value=""/>
    <property name="sun.management.compiler" value="HotSpot Client Compiler"/>
    <property name="java.runtime.version" value="1.8.0_162-b12"/>
    <property name="user.name" value="Administrator"/>
    <property name="path.separator" value=";"/>
    <property name="os.version" value="6.1"/>
    <property name="java.endorsed.dirs" value="C:\Program Files\Java\jdk1.8.0_162\jre\lib\endorsed"/>
    <property name="java.runtime.name" value="Java(TM) SE Runtime Environment"/>
    <property name="file.encoding" value="GBK"/>
    <property name="java.vm.name" value="Java HotSpot(TM) Client VM"/>
    <property name="localRepository" value="E:\JavaTools\eclipse\mavenRepository"/>
    <property name="java.vendor.url.bug" value="http://bugreport.sun.com/bugreport/"/>
    <property name="java.io.tmpdir" value="C:\Users\ADMINI~1\AppData\Local\Temp\"/>
    <property name="java.version" value="1.8.0_162"/>
    <property name="user.dir" value="D:\FrontEnd\pccw\assessment\mars-si-test"/>
    <property name="os.arch" value="x86"/>
    <property name="java.vm.specification.name" value="Java Virtual Machine Specification"/>
    <property name="java.awt.printerjob" value="sun.awt.windows.WPrinterJob"/>
    <property name="user.language.format" value="en"/>
    <property name="sun.os.patch.level" value="Service Pack 1"/>
    <property name="java.library.path" value="C:\Program Files\Java\jdk1.8.0_162\jre\bin;C:\windows\Sun\Java\bin;C:\windows\system32;C:\windows;C:/Program Files/Java/jdk1.8.0_162/bin/../jre/bin/client;C:/Program Files/Java/jdk1.8.0_162/bin/../jre/bin;C:/Program Files/Java/jdk1.8.0_162/bin/../jre/lib/i386;C:\Program Files\Java\jdk1.8.0_162\bin;E:\JavaTools\apache-maven-3.5.2\bin;C:\Program Files\ThinkPad\Bluetooth Software\;C:\Program Files\Common Files\Microsoft Shared\Windows Live;C:\windows\system32;C:\windows;C:\windows\System32\Wbem;C:\windows\System32\WindowsPowerShell\v1.0\;C:\Program Files\Lenovo\Access Connections\;C:\Program Files\Common Files\Lenovo;C:\Program Files\Windows Live\Shared;E:\FrontEnd\npm;E:\FrontEnd\nvm;E:\FrontEnd\nodejs;C:\Program Files\MySQL\MySQL Utilities 1.6\;C:\Program Files\Git\cmd;C:\Program Files\VanDyke Software\Clients\;C:\Program Files\Microsoft VS Code\bin;E:\javatools\eclipse;;."/>
    <property name="java.vm.info" value="mixed mode"/>
    <property name="java.vendor" value="Oracle Corporation"/>
    <property name="java.vm.version" value="25.162-b12"/>
    <property name="java.ext.dirs" value="C:\Program Files\Java\jdk1.8.0_162\jre\lib\ext;C:\windows\Sun\Java\lib\ext"/>
    <property name="sun.io.unicode.encoding" value="UnicodeLittle"/>
    <property name="java.class.version" value="52.0"/>
  </properties>
  <testcase name="testUpdateUser" classname="com.pccwglobal.assessment.marssitest.service.impl.UserServiceImplTest" time="0.155"/>
  <testcase name="testListUsers" classname="com.pccwglobal.assessment.marssitest.service.impl.UserServiceImplTest" time="0.223"/>
  <testcase name="testCreateUser" classname="com.pccwglobal.assessment.marssitest.service.impl.UserServiceImplTest" time="0.123"/>
  <testcase name="testDeleteUserById" classname="com.pccwglobal.assessment.marssitest.service.impl.UserServiceImplTest" time="0.077"/>
  <testcase name="testGetUserById" classname="com.pccwglobal.assessment.marssitest.service.impl.UserServiceImplTest" time="0.011"/>
</testsuite>