<?xml version="1.0" encoding="UTF-8"?>
<testsuite xmlns:xsi="http://www.w3.org/2001/XMLSchema-instance" xsi:noNamespaceSchemaLocation="https://maven.apache.org/surefire/maven-surefire-plugin/xsd/surefire-test-report.xsd" name="com.pccwglobal.assessment.marssitest.PerformanceTest" time="13.693" tests="5" errors="0" skipped="0" failures="2">
  <properties>
    <property name="sun.desktop" value="windows"/>
    <property name="awt.toolkit" value="sun.awt.windows.WToolkit"/>
    <property name="file.encoding.pkg" value="sun.io"/>
    <property name="java.specification.version" value="1.8"/>
    <property name="sun.cpu.isalist" value="pentium_pro+mmx pentium_pro pentium+mmx pentium i486 i386 i86"/>
    <property name="sun.jnu.encoding" value="GBK"/>
    <property name="java.class.path" value="D:\FrontEnd\pccw\assessment\mars-si-test\target\test-classes;D:\FrontEnd\pccw\assessment\mars-si-test\target\classes;E:\JavaTools\eclipse\mavenRepository\org\springframework\boot\spring-boot-starter-data-jpa\2.0.4.RELEASE\spring-boot-starter-data-jpa-2.0.4.RELEASE.jar;E:\JavaTools\eclipse\mavenRepository\org\springframework\boot\spring-boot-starter\2.0.4.RELEASE\spring-boot-starter-2.0.4.RELEASE.jar;E:\JavaTools\eclipse\mavenRepository\org\springframework\boot\spring-boot-starter-logging\2.0.4.RELEASE\spring-boot-starter-logging-2.0.4.RELEASE.jar;E:\JavaTools\eclipse\mavenRepository\org\apache\logging\log4j\log4j-to-slf4j\2.10.0\log4j-to-slf4j-2.10.0.jar;E:\JavaTools\eclipse\mavenRepository\org\slf4j\jul-to-slf4j\1.7.25\jul-to-slf4j-1.7.25.jar;E:\JavaTools\eclipse\mavenRepository\javax\annotation\javax.annotation-api\1.3.2\javax.annotation-api-1.3.2.jar;E:\JavaTools\eclipse\mavenRepository\org\yaml\snakeyaml\1.19\snakeyaml-1.19.jar;E:\JavaTools\eclipse\mavenRepository\org\springframework\boot\spring-boot-starter-aop\2.0.4.RELEASE\spring-boot-starter-aop-2.0.4.RELEASE.jar;E:\JavaTools\eclipse\mavenRepository\org\springframework\spring-aop\5.0.8.RELEASE\spring-aop-5.0.8.RELEASE.jar;E:\JavaTools\eclipse\mavenRepository\org\aspectj\aspectjweaver\1.8.13\aspectjweaver-1.8.13.jar;E:\JavaTools\eclipse\mavenRepository\org\springframework\boot\spring-boot-starter-jdbc\2.0.4.RELEASE\spring-boot-starter-jdbc-2.0.4.RELEASE.jar;E:\JavaTools\eclipse\mavenRepository\com\zaxxer\HikariCP\2.7.9\HikariCP-2.7.9.jar;E:\JavaTools\eclipse\mavenRepository\org\springframework\spring-jdbc\5.0.8.RELEASE\spring-jdbc-5.0.8.RELEASE.jar;E:\JavaTools\eclipse\mavenRepository\org\hibernate\hibernate-core\5.2.17.Final\hibernate-core-5.2.17.Final.jar;E:\JavaTools\eclipse\mavenRepository\org\jboss\logging\jboss-logging\3.3.2.Final\jboss-logging-3.3.2.Final.jar;E:\JavaTools\eclipse\mavenRepository\org\hibernate\javax\persistence\hibernate-jpa-2.1-api\1.0.2.Final\hibernate-jpa-2.1-api-1.0.2.Final.jar;E:\JavaTools\eclipse\mavenRepository\org\javassist\javassist\3.22.0-GA\javassist-3.22.0-GA.jar;E:\JavaTools\eclipse\mavenRepository\antlr\antlr\2.7.7\antlr-2.7.7.jar;E:\JavaTools\eclipse\mavenRepository\org\jboss\jandex\2.0.3.Final\jandex-2.0.3.Final.jar;E:\JavaTools\eclipse\mavenRepository\com\fasterxml\classmate\1.3.4\classmate-1.3.4.jar;E:\JavaTools\eclipse\mavenRepository\dom4j\dom4j\1.6.1\dom4j-1.6.1.jar;E:\JavaTools\eclipse\mavenRepository\org\hibernate\common\hibernate-commons-annotations\5.0.1.Final\hibernate-commons-annotations-5.0.1.Final.jar;E:\JavaTools\eclipse\mavenRepository\javax\transaction\javax.transaction-api\1.2\javax.transaction-api-1.2.jar;E:\JavaTools\eclipse\mavenRepository\org\springframework\data\spring-data-jpa\2.0.9.RELEASE\spring-data-jpa-2.0.9.RELEASE.jar;E:\JavaTools\eclipse\mavenRepository\org\springframework\data\spring-data-commons\2.0.9.RELEASE\spring-data-commons-2.0.9.RELEASE.jar;E:\JavaTools\eclipse\mavenRepository\org\springframework\spring-orm\5.0.8.RELEASE\spring-orm-5.0.8.RELEASE.jar;E:\JavaTools\eclipse\mavenRepository\org\springframework\spring-context\5.0.8.RELEASE\spring-context-5.0.8.RELEASE.jar;E:\JavaTools\eclipse\mavenRepository\org\springframework\spring-expression\5.0.8.RELEASE\spring-expression-5.0.8.RELEASE.jar;E:\JavaTools\eclipse\mavenRepository\org\springframework\spring-tx\5.0.8.RELEASE\spring-tx-5.0.8.RELEASE.jar;E:\JavaTools\eclipse\mavenRepository\org\springframework\spring-beans\5.0.8.RELEASE\spring-beans-5.0.8.RELEASE.jar;E:\JavaTools\eclipse\mavenRepository\org\slf4j\slf4j-api\1.7.25\slf4j-api-1.7.25.jar;E:\JavaTools\eclipse\mavenRepository\org\springframework\spring-aspects\5.0.8.RELEASE\spring-aspects-5.0.8.RELEASE.jar;E:\JavaTools\eclipse\mavenRepository\org\apache\httpcomponents\httpclient\4.5.6\httpclient-4.5.6.jar;E:\JavaTools\eclipse\mavenRepository\org\apache\httpcomponents\httpcore\4.4.10\httpcore-4.4.10.jar;E:\JavaTools\eclipse\mavenRepository\commons-codec\commons-codec\1.11\commons-codec-1.11.jar;E:\JavaTools\eclipse\mavenRepository\org\apache\httpcomponents\fluent-hc\4.5.6\fluent-hc-4.5.6.jar;E:\JavaTools\eclipse\mavenRepository\commons-logging\commons-logging\1.2\commons-logging-1.2.jar;E:\JavaTools\eclipse\mavenRepository\com\fasterxml\jackson\core\jackson-core\2.9.6\jackson-core-2.9.6.jar;E:\JavaTools\eclipse\mavenRepository\com\fasterxml\jackson\core\jackson-databind\2.9.6\jackson-databind-2.9.6.jar;E:\JavaTools\eclipse\mavenRepository\com\fasterxml\jackson\core\jackson-annotations\2.9.0\jackson-annotations-2.9.0.jar;E:\JavaTools\eclipse\mavenRepository\org\springframework\boot\spring-boot-devtools\2.0.4.RELEASE\spring-boot-devtools-2.0.4.RELEASE.jar;E:\JavaTools\eclipse\mavenRepository\org\springframework\boot\spring-boot\2.0.4.RELEASE\spring-boot-2.0.4.RELEASE.jar;E:\JavaTools\eclipse\mavenRepository\org\springframework\boot\spring-boot-autoconfigure\2.0.4.RELEASE\spring-boot-autoconfigure-2.0.4.RELEASE.jar;E:\JavaTools\eclipse\mavenRepository\mysql\mysql-connector-java\5.1.46\mysql-connector-java-5.1.46.jar;E:\JavaTools\eclipse\mavenRepository\org\springframework\boot\spring-boot-starter-test\2.0.4.RELEASE\spring-boot-starter-test-2.0.4.RELEASE.jar;E:\JavaTools\eclipse\mavenRepository\org\springframework\boot\spring-boot-test\2.0.4.RELEASE\spring-boot-test-2.0.4.RELEASE.jar;E:\JavaTools\eclipse\mavenRepository\org\springframework\boot\spring-boot-test-autoconfigure\2.0.4.RELEASE\spring-boot-test-autoconfigure-2.0.4.RELEASE.jar;E:\JavaTools\eclipse\mavenRepository\com\jayway\jsonpath\json-path\2.4.0\json-path-2.4.0.jar;E:\JavaTools\eclipse\mavenRepository\net\minidev\json-smart\2.3\json-smart-2.3.jar;E:\JavaTools\eclipse\mavenRepository\net\minidev\accessors-smart\1.2\accessors-smart-1.2.jar;E:\JavaTools\eclipse\mavenRepository\junit\junit\4.12\junit-4.12.jar;E:\JavaTools\eclipse\mavenRepository\org\assertj\assertj-core\3.9.1\assertj-core-3.9.1.jar;E:\JavaTools\eclipse\mavenRepository\org\mockito\mockito-core\2.15.0\mockito-core-2.15.0.jar;E:\JavaTools\eclipse\mavenRepository\net\bytebuddy\byte-buddy\1.7.11\byte-buddy-1.7.11.jar;E:\JavaTools\eclipse\mavenRepository\net\bytebuddy\byte-buddy-agent\1.7.11\byte-buddy-agent-1.7.11.jar;E:\JavaTools\eclipse\mavenRepository\org\objenesis\objenesis\2.6\objenesis-2.6.jar;E:\JavaTools\eclipse\mavenRepository\org\hamcrest\hamcrest-core\1.3\hamcrest-core-1.3.jar;E:\JavaTools\eclipse\mavenRepository\org\hamcrest\hamcrest-library\1.3\hamcrest-library-1.3.jar;E:\JavaTools\eclipse\mavenRepository\org\skyscreamer\jsonassert\1.5.0\jsonassert-1.5.0.jar;E:\JavaTools\eclipse\mavenRepository\com\vaadin\external\google\android-json\0.0.20131108.vaadin1\android-json-0.0.20131108.vaadin1.jar;E:\JavaTools\eclipse\mavenRepository\org\springframework\spring-core\5.0.8.RELEASE\spring-core-5.0.8.RELEASE.jar;E:\JavaTools\eclipse\mavenRepository\org\springframework\spring-jcl\5.0.8.RELEASE\spring-jcl-5.0.8.RELEASE.jar;E:\JavaTools\eclipse\mavenRepository\org\springframework\spring-test\5.0.8.RELEASE\spring-test-5.0.8.RELEASE.jar;E:\JavaTools\eclipse\mavenRepository\org\xmlunit\xmlunit-core\2.5.1\xmlunit-core-2.5.1.jar;E:\JavaTools\eclipse\mavenRepository\com\github\noconnor\junitperf\1.9.1\junitperf-1.9.1.jar;E:\JavaTools\eclipse\mavenRepository\org\apache\commons\commons-lang3\3.7\commons-lang3-3.7.jar;E:\JavaTools\eclipse\mavenRepository\ch\qos\logback\logback-classic\1.2.3\logback-classic-1.2.3.jar;E:\JavaTools\eclipse\mavenRepository\ch\qos\logback\logback-core\1.2.3\logback-core-1.2.3.jar;E:\JavaTools\eclipse\mavenRepository\com\google\guava\guava\19.0\guava-19.0.jar;E:\JavaTools\eclipse\mavenRepository\commons-collections\commons-collections\3.2.2\commons-collections-3.2.2.jar;E:\JavaTools\eclipse\mavenRepository\commons-math\commons-math\1.2\commons-math-1.2.jar;E:\JavaTools\eclipse\mavenRepository\org\jtwig\jtwig-core\5.86.1.RELEASE\jtwig-core-5.86.1.RELEASE.jar;E:\JavaTools\eclipse\mavenRepository\org\jtwig\jtwig-reflection\5.86.1.RELEASE\jtwig-reflection-5.86.1.RELEASE.jar;E:\JavaTools\eclipse\mavenRepository\org\parboiled\parboiled-java\1.1.7\parboiled-java-1.1.7.jar;E:\JavaTools\eclipse\mavenRepository\org\parboiled\parboiled-core\1.1.7\parboiled-core-1.1.7.jar;E:\JavaTools\eclipse\mavenRepository\org\ow2\asm\asm\5.0.3\asm-5.0.3.jar;E:\JavaTools\eclipse\mavenRepository\org\ow2\asm\asm-tree\5.0.3\asm-tree-5.0.3.jar;E:\JavaTools\eclipse\mavenRepository\org\ow2\asm\asm-analysis\5.0.3\asm-analysis-5.0.3.jar;E:\JavaTools\eclipse\mavenRepository\org\ow2\asm\asm-util\5.0.3\asm-util-5.0.3.jar;E:\JavaTools\eclipse\mavenRepository\com\googlecode\concurrentlinkedhashmap\concurrentlinkedhashmap-lru\1.4.2\concurrentlinkedhashmap-lru-1.4.2.jar;"/>
    <property name="java.vm.vendor" value="Oracle Corporation"/>
    <property name="sun.arch.data.model" value="32"/>
    <property name="user.variant" value=""/>
    <property name="java.vendor.url" value="http://java.oracle.com/"/>
    <property name="user.timezone" value=""/>
    <property name="user.country.format" value="AU"/>
    <property name="java.vm.specification.version" value="1.8"/>
    <property name="os.name" value="Windows 7"/>
    <property name="user.country" value="CN"/>
    <property name="sun.java.launcher" value="SUN_STANDARD"/>
    <property name="sun.boot.library.path" value="C:\Program Files\Java\jdk1.8.0_162\jre\bin"/>
    <property name="sun.java.command" value="C:\Users\ADMINI~1\AppData\Local\Temp\surefire5097231762438358919\surefirebooter6914051090043461431.jar C:\Users\Administrator\AppData\Local\Temp\surefire5097231762438358919 2018-08-06T02-00-56_079-jvmRun1 surefire5185932376904593452tmp surefire_08402155162227008727tmp"/>
    <property name="surefire.test.class.path" value="D:\FrontEnd\pccw\assessment\mars-si-test\target\test-classes;D:\FrontEnd\pccw\assessment\mars-si-test\target\classes;E:\JavaTools\eclipse\mavenRepository\org\springframework\boot\spring-boot-starter-data-jpa\2.0.4.RELEASE\spring-boot-starter-data-jpa-2.0.4.RELEASE.jar;E:\JavaTools\eclipse\mavenRepository\org\springframework\boot\spring-boot-starter\2.0.4.RELEASE\spring-boot-starter-2.0.4.RELEASE.jar;E:\JavaTools\eclipse\mavenRepository\org\springframework\boot\spring-boot-starter-logging\2.0.4.RELEASE\spring-boot-starter-logging-2.0.4.RELEASE.jar;E:\JavaTools\eclipse\mavenRepository\org\apache\logging\log4j\log4j-to-slf4j\2.10.0\log4j-to-slf4j-2.10.0.jar;E:\JavaTools\eclipse\mavenRepository\org\slf4j\jul-to-slf4j\1.7.25\jul-to-slf4j-1.7.25.jar;E:\JavaTools\eclipse\mavenRepository\javax\annotation\javax.annotation-api\1.3.2\javax.annotation-api-1.3.2.jar;E:\JavaTools\eclipse\mavenRepository\org\yaml\snakeyaml\1.19\snakeyaml-1.19.jar;E:\JavaTools\eclipse\mavenRepository\org\springframework\boot\spring-boot-starter-aop\2.0.4.RELEASE\spring-boot-starter-aop-2.0.4.RELEASE.jar;E:\JavaTools\eclipse\mavenRepository\org\springframework\spring-aop\5.0.8.RELEASE\spring-aop-5.0.8.RELEASE.jar;E:\JavaTools\eclipse\mavenRepository\org\aspectj\aspectjweaver\1.8.13\aspectjweaver-1.8.13.jar;E:\JavaTools\eclipse\mavenRepository\org\springframework\boot\spring-boot-starter-jdbc\2.0.4.RELEASE\spring-boot-starter-jdbc-2.0.4.RELEASE.jar;E:\JavaTools\eclipse\mavenRepository\com\zaxxer\HikariCP\2.7.9\HikariCP-2.7.9.jar;E:\JavaTools\eclipse\mavenRepository\org\springframework\spring-jdbc\5.0.8.RELEASE\spring-jdbc-5.0.8.RELEASE.jar;E:\JavaTools\eclipse\mavenRepository\org\hibernate\hibernate-core\5.2.17.Final\hibernate-core-5.2.17.Final.jar;E:\JavaTools\eclipse\mavenRepository\org\jboss\logging\jboss-logging\3.3.2.Final\jboss-logging-3.3.2.Final.jar;E:\JavaTools\eclipse\mavenRepository\org\hibernate\javax\persistence\hibernate-jpa-2.1-api\1.0.2.Final\hibernate-jpa-2.1-api-1.0.2.Final.jar;E:\JavaTools\eclipse\mavenRepository\org\javassist\javassist\3.22.0-GA\javassist-3.22.0-GA.jar;E:\JavaTools\eclipse\mavenRepository\antlr\antlr\2.7.7\antlr-2.7.7.jar;E:\JavaTools\eclipse\mavenRepository\org\jboss\jandex\2.0.3.Final\jandex-2.0.3.Final.jar;E:\JavaTools\eclipse\mavenRepository\com\fasterxml\classmate\1.3.4\classmate-1.3.4.jar;E:\JavaTools\eclipse\mavenRepository\dom4j\dom4j\1.6.1\dom4j-1.6.1.jar;E:\JavaTools\eclipse\mavenRepository\org\hibernate\common\hibernate-commons-annotations\5.0.1.Final\hibernate-commons-annotations-5.0.1.Final.jar;E:\JavaTools\eclipse\mavenRepository\javax\transaction\javax.transaction-api\1.2\javax.transaction-api-1.2.jar;E:\JavaTools\eclipse\mavenRepository\org\springframework\data\spring-data-jpa\2.0.9.RELEASE\spring-data-jpa-2.0.9.RELEASE.jar;E:\JavaTools\eclipse\mavenRepository\org\springframework\data\spring-data-commons\2.0.9.RELEASE\spring-data-commons-2.0.9.RELEASE.jar;E:\JavaTools\eclipse\mavenRepository\org\springframework\spring-orm\5.0.8.RELEASE\spring-orm-5.0.8.RELEASE.jar;E:\JavaTools\eclipse\mavenRepository\org\springframework\spring-context\5.0.8.RELEASE\spring-context-5.0.8.RELEASE.jar;E:\JavaTools\eclipse\mavenRepository\org\springframework\spring-expression\5.0.8.RELEASE\spring-expression-5.0.8.RELEASE.jar;E:\JavaTools\eclipse\mavenRepository\org\springframework\spring-tx\5.0.8.RELEASE\spring-tx-5.0.8.RELEASE.jar;E:\JavaTools\eclipse\mavenRepository\org\springframework\spring-beans\5.0.8.RELEASE\spring-beans-5.0.8.RELEASE.jar;E:\JavaTools\eclipse\mavenRepository\org\slf4j\slf4j-api\1.7.25\slf4j-api-1.7.25.jar;E:\JavaTools\eclipse\mavenRepository\org\springframework\spring-aspects\5.0.8.RELEASE\spring-aspects-5.0.8.RELEASE.jar;E:\JavaTools\eclipse\mavenRepository\org\apache\httpcomponents\httpclient\4.5.6\httpclient-4.5.6.jar;E:\JavaTools\eclipse\mavenRepository\org\apache\httpcomponents\httpcore\4.4.10\httpcore-4.4.10.jar;E:\JavaTools\eclipse\mavenRepository\commons-codec\commons-codec\1.11\commons-codec-1.11.jar;E:\JavaTools\eclipse\mavenRepository\org\apache\httpcomponents\fluent-hc\4.5.6\fluent-hc-4.5.6.jar;E:\JavaTools\eclipse\mavenRepository\commons-logging\commons-logging\1.2\commons-logging-1.2.jar;E:\JavaTools\eclipse\mavenRepository\com\fasterxml\jackson\core\jackson-core\2.9.6\jackson-core-2.9.6.jar;E:\JavaTools\eclipse\mavenRepository\com\fasterxml\jackson\core\jackson-databind\2.9.6\jackson-databind-2.9.6.jar;E:\JavaTools\eclipse\mavenRepository\com\fasterxml\jackson\core\jackson-annotations\2.9.0\jackson-annotations-2.9.0.jar;E:\JavaTools\eclipse\mavenRepository\org\springframework\boot\spring-boot-devtools\2.0.4.RELEASE\spring-boot-devtools-2.0.4.RELEASE.jar;E:\JavaTools\eclipse\mavenRepository\org\springframework\boot\spring-boot\2.0.4.RELEASE\spring-boot-2.0.4.RELEASE.jar;E:\JavaTools\eclipse\mavenRepository\org\springframework\boot\spring-boot-autoconfigure\2.0.4.RELEASE\spring-boot-autoconfigure-2.0.4.RELEASE.jar;E:\JavaTools\eclipse\mavenRepository\mysql\mysql-connector-java\5.1.46\mysql-connector-java-5.1.46.jar;E:\JavaTools\eclipse\mavenRepository\org\springframework\boot\spring-boot-starter-test\2.0.4.RELEASE\spring-boot-starter-test-2.0.4.RELEASE.jar;E:\JavaTools\eclipse\mavenRepository\org\springframework\boot\spring-boot-test\2.0.4.RELEASE\spring-boot-test-2.0.4.RELEASE.jar;E:\JavaTools\eclipse\mavenRepository\org\springframework\boot\spring-boot-test-autoconfigure\2.0.4.RELEASE\spring-boot-test-autoconfigure-2.0.4.RELEASE.jar;E:\JavaTools\eclipse\mavenRepository\com\jayway\jsonpath\json-path\2.4.0\json-path-2.4.0.jar;E:\JavaTools\eclipse\mavenRepository\net\minidev\json-smart\2.3\json-smart-2.3.jar;E:\JavaTools\eclipse\mavenRepository\net\minidev\accessors-smart\1.2\accessors-smart-1.2.jar;E:\JavaTools\eclipse\mavenRepository\junit\junit\4.12\junit-4.12.jar;E:\JavaTools\eclipse\mavenRepository\org\assertj\assertj-core\3.9.1\assertj-core-3.9.1.jar;E:\JavaTools\eclipse\mavenRepository\org\mockito\mockito-core\2.15.0\mockito-core-2.15.0.jar;E:\JavaTools\eclipse\mavenRepository\net\bytebuddy\byte-buddy\1.7.11\byte-buddy-1.7.11.jar;E:\JavaTools\eclipse\mavenRepository\net\bytebuddy\byte-buddy-agent\1.7.11\byte-buddy-agent-1.7.11.jar;E:\JavaTools\eclipse\mavenRepository\org\objenesis\objenesis\2.6\objenesis-2.6.jar;E:\JavaTools\eclipse\mavenRepository\org\hamcrest\hamcrest-core\1.3\hamcrest-core-1.3.jar;E:\JavaTools\eclipse\mavenRepository\org\hamcrest\hamcrest-library\1.3\hamcrest-library-1.3.jar;E:\JavaTools\eclipse\mavenRepository\org\skyscreamer\jsonassert\1.5.0\jsonassert-1.5.0.jar;E:\JavaTools\eclipse\mavenRepository\com\vaadin\external\google\android-json\0.0.20131108.vaadin1\android-json-0.0.20131108.vaadin1.jar;E:\JavaTools\eclipse\mavenRepository\org\springframework\spring-core\5.0.8.RELEASE\spring-core-5.0.8.RELEASE.jar;E:\JavaTools\eclipse\mavenRepository\org\springframework\spring-jcl\5.0.8.RELEASE\spring-jcl-5.0.8.RELEASE.jar;E:\JavaTools\eclipse\mavenRepository\org\springframework\spring-test\5.0.8.RELEASE\spring-test-5.0.8.RELEASE.jar;E:\JavaTools\eclipse\mavenRepository\org\xmlunit\xmlunit-core\2.5.1\xmlunit-core-2.5.1.jar;E:\JavaTools\eclipse\mavenRepository\com\github\noconnor\junitperf\1.9.1\junitperf-1.9.1.jar;E:\JavaTools\eclipse\mavenRepository\org\apache\commons\commons-lang3\3.7\commons-lang3-3.7.jar;E:\JavaTools\eclipse\mavenRepository\ch\qos\logback\logback-classic\1.2.3\logback-classic-1.2.3.jar;E:\JavaTools\eclipse\mavenRepository\ch\qos\logback\logback-core\1.2.3\logback-core-1.2.3.jar;E:\JavaTools\eclipse\mavenRepository\com\google\guava\guava\19.0\guava-19.0.jar;E:\JavaTools\eclipse\mavenRepository\commons-collections\commons-collections\3.2.2\commons-collections-3.2.2.jar;E:\JavaTools\eclipse\mavenRepository\commons-math\commons-math\1.2\commons-math-1.2.jar;E:\JavaTools\eclipse\mavenRepository\org\jtwig\jtwig-core\5.86.1.RELEASE\jtwig-core-5.86.1.RELEASE.jar;E:\JavaTools\eclipse\mavenRepository\org\jtwig\jtwig-reflection\5.86.1.RELEASE\jtwig-reflection-5.86.1.RELEASE.jar;E:\JavaTools\eclipse\mavenRepository\org\parboiled\parboiled-java\1.1.7\parboiled-java-1.1.7.jar;E:\JavaTools\eclipse\mavenRepository\org\parboiled\parboiled-core\1.1.7\parboiled-core-1.1.7.jar;E:\JavaTools\eclipse\mavenRepository\org\ow2\asm\asm\5.0.3\asm-5.0.3.jar;E:\JavaTools\eclipse\mavenRepository\org\ow2\asm\asm-tree\5.0.3\asm-tree-5.0.3.jar;E:\JavaTools\eclipse\mavenRepository\org\ow2\asm\asm-analysis\5.0.3\asm-analysis-5.0.3.jar;E:\JavaTools\eclipse\mavenRepository\org\ow2\asm\asm-util\5.0.3\asm-util-5.0.3.jar;E:\JavaTools\eclipse\mavenRepository\com\googlecode\concurrentlinkedhashmap\concurrentlinkedhashmap-lru\1.4.2\concurrentlinkedhashmap-lru-1.4.2.jar;"/>
    <property name="sun.cpu.endian" value="little"/>
    <property name="user.home" value="C:\Users\Administrator"/>
    <property name="user.language" value="zh"/>
    <property name="java.specification.vendor" value="Oracle Corporation"/>
    <property name="java.home" value="C:\Program Files\Java\jdk1.8.0_162\jre"/>
    <property name="basedir" value="D:\FrontEnd\pccw\assessment\mars-si-test"/>
    <property name="file.separator" value="\"/>
    <property name="line.separator" value="&#10;"/>
    <property name="java.vm.specification.vendor" value="Oracle Corporation"/>
    <property name="java.specification.name" value="Java Platform API Specification"/>
    <property name="java.awt.graphicsenv" value="sun.awt.Win32GraphicsEnvironment"/>
    <property name="surefire.real.class.path" value="C:\Users\ADMINI~1\AppData\Local\Temp\surefire5097231762438358919\surefirebooter6914051090043461431.jar"/>
    <property name="sun.boot.class.path" value="C:\Program Files\Java\jdk1.8.0_162\jre\lib\resources.jar;C:\Program Files\Java\jdk1.8.0_162\jre\lib\rt.jar;C:\Program Files\Java\jdk1.8.0_162\jre\lib\sunrsasign.jar;C:\Program Files\Java\jdk1.8.0_162\jre\lib\jsse.jar;C:\Program Files\Java\jdk1.8.0_162\jre\lib\jce.jar;C:\Program Files\Java\jdk1.8.0_162\jre\lib\charsets.jar;C:\Program Files\Java\jdk1.8.0_162\jre\lib\jfr.jar;C:\Program Files\Java\jdk1.8.0_162\jre\classes"/>
    <property name="user.script" value=""/>
    <property name="sun.management.compiler" value="HotSpot Client Compiler"/>
    <property name="java.runtime.version" value="1.8.0_162-b12"/>
    <property name="user.name" value="Administrator"/>
    <property name="path.separator" value=";"/>
    <property name="os.version" value="6.1"/>
    <property name="java.endorsed.dirs" value="C:\Program Files\Java\jdk1.8.0_162\jre\lib\endorsed"/>
    <property name="java.runtime.name" value="Java(TM) SE Runtime Environment"/>
    <property name="file.encoding" value="GBK"/>
    <property name="java.vm.name" value="Java HotSpot(TM) Client VM"/>
    <property name="localRepository" value="E:\JavaTools\eclipse\mavenRepository"/>
    <property name="java.vendor.url.bug" value="http://bugreport.sun.com/bugreport/"/>
    <property name="java.io.tmpdir" value="C:\Users\ADMINI~1\AppData\Local\Temp\"/>
    <property name="java.version" value="1.8.0_162"/>
    <property name="user.dir" value="D:\FrontEnd\pccw\assessment\mars-si-test"/>
    <property name="os.arch" value="x86"/>
    <property name="java.vm.specification.name" value="Java Virtual Machine Specification"/>
    <property name="java.awt.printerjob" value="sun.awt.windows.WPrinterJob"/>
    <property name="user.language.format" value="en"/>
    <property name="sun.os.patch.level" value="Service Pack 1"/>
    <property name="java.library.path" value="C:\Program Files\Java\jdk1.8.0_162\jre\bin;C:\windows\Sun\Java\bin;C:\windows\system32;C:\windows;C:/Program Files/Java/jdk1.8.0_162/bin/../jre/bin/client;C:/Program Files/Java/jdk1.8.0_162/bin/../jre/bin;C:/Program Files/Java/jdk1.8.0_162/bin/../jre/lib/i386;C:\Program Files\Java\jdk1.8.0_162\bin;E:\JavaTools\apache-maven-3.5.2\bin;C:\Program Files\ThinkPad\Bluetooth Software\;C:\Program Files\Common Files\Microsoft Shared\Windows Live;C:\windows\system32;C:\windows;C:\windows\System32\Wbem;C:\windows\System32\WindowsPowerShell\v1.0\;C:\Program Files\Lenovo\Access Connections\;C:\Program Files\Common Files\Lenovo;C:\Program Files\Windows Live\Shared;E:\FrontEnd\npm;E:\FrontEnd\nvm;E:\FrontEnd\nodejs;C:\Program Files\MySQL\MySQL Utilities 1.6\;C:\Program Files\Git\cmd;C:\Program Files\VanDyke Software\Clients\;C:\Program Files\Microsoft VS Code\bin;E:\javatools\eclipse;;."/>
    <property name="java.vm.info" value="mixed mode"/>
    <property name="java.vendor" value="Oracle Corporation"/>
    <property name="java.vm.version" value="25.162-b12"/>
    <property name="java.ext.dirs" value="C:\Program Files\Java\jdk1.8.0_162\jre\lib\ext;C:\windows\Sun\Java\lib\ext"/>
    <property name="sun.io.unicode.encoding" value="UnicodeLittle"/>
    <property name="java.class.version" value="52.0"/>
  </properties>
  <testcase name="testListUsersPerformance" classname="com.pccwglobal.assessment.marssitest.PerformanceTest" time="2.868">
    <failure message="Test throughput threshold not achieved&#10;Expected: is &lt;true&gt;&#10;     but: was &lt;false&gt;" type="java.lang.AssertionError"><![CDATA[java.lang.AssertionError: 
Test throughput threshold not achieved
Expected: is <true>
     but: was <false>
]]></failure>
    <system-out><![CDATA[
  .   ____          _            __ _ _
 /\\ / ___'_ __ _ _(_)_ __  __ _ \ \ \ \
( ( )\___ | '_ | '_| | '_ \/ _` | \ \ \ \
 \\/  ___)| |_)| | | | | || (_| |  ) ) ) )
  '  |____| .__|_| |_|_| |_\__, | / / / /
 =========|_|==============|___/=/_/_/_/
 :: Spring Boot ::        (v2.0.4.RELEASE)

2018-08-06 02:00:59.345  INFO 2724 --- [           main] c.p.a.marssitest.PerformanceTest         : Starting PerformanceTest on CHEN with PID 2724 (started by Administrator in D:\FrontEnd\pccw\assessment\mars-si-test)
2018-08-06 02:00:59.348  INFO 2724 --- [           main] c.p.a.marssitest.PerformanceTest         : The following profiles are active: test
2018-08-06 02:00:59.378  INFO 2724 --- [           main] s.c.a.AnnotationConfigApplicationContext : Refreshing org.springframework.context.annotation.AnnotationConfigApplicationContext@a7ed1f: startup date [Mon Aug 06 02:00:59 ACST 2018]; root of context hierarchy
2018-08-06 02:01:00.575  INFO 2724 --- [           main] com.zaxxer.hikari.HikariDataSource       : HikariPool-1 - Starting...
2018-08-06 02:01:00.808  INFO 2724 --- [           main] com.zaxxer.hikari.HikariDataSource       : HikariPool-1 - Start completed.
2018-08-06 02:01:00.859  INFO 2724 --- [           main] j.LocalContainerEntityManagerFactoryBean : Building JPA container EntityManagerFactory for persistence unit 'default'
2018-08-06 02:01:00.922  INFO 2724 --- [           main] o.hibernate.jpa.internal.util.LogHelper  : HHH000204: Processing PersistenceUnitInfo [
	name: default
	...]
2018-08-06 02:01:01.015  INFO 2724 --- [           main] org.hibernate.Version                    : HHH000412: Hibernate Core {5.2.17.Final}
2018-08-06 02:01:01.016  INFO 2724 --- [           main] org.hibernate.cfg.Environment            : HHH000206: hibernate.properties not found
2018-08-06 02:01:01.064  INFO 2724 --- [           main] o.hibernate.annotations.common.Version   : HCANN000001: Hibernate Commons Annotations {5.0.1.Final}
2018-08-06 02:01:01.192  INFO 2724 --- [           main] org.hibernate.dialect.Dialect            : HHH000400: Using dialect: org.hibernate.dialect.MySQL5Dialect
2018-08-06 02:01:02.034  INFO 2724 --- [           main] j.LocalContainerEntityManagerFactoryBean : Initialized JPA EntityManagerFactory for persistence unit 'default'
2018-08-06 02:01:02.567  INFO 2724 --- [           main] c.p.a.marssitest.PerformanceTest         : Started PerformanceTest in 3.569 seconds (JVM running for 4.797)
2018-08-06 02:01:04.175  INFO 2724 --- [           main] c.g.n.j.r.providers.HtmlReportGenerator  : Rendering report to: .\performanceTestReport.html
2018-08-06 02:01:05.456  INFO 2724 --- [           main] c.g.n.j.r.p.ConsoleReportGenerator       : Test Name:    testListUsersPerformance
2018-08-06 02:01:05.456  INFO 2724 --- [           main] c.g.n.j.r.p.ConsoleReportGenerator       : Started at:   2018-08-06 02:01:02
2018-08-06 02:01:05.456  INFO 2724 --- [           main] c.g.n.j.r.p.ConsoleReportGenerator       : Invocations:  48
2018-08-06 02:01:05.456  INFO 2724 --- [           main] c.g.n.j.r.p.ConsoleReportGenerator       :   - Success:  48
2018-08-06 02:01:05.457  INFO 2724 --- [           main] c.g.n.j.r.p.ConsoleReportGenerator       :   - Errors:   0
2018-08-06 02:01:05.457  INFO 2724 --- [           main] c.g.n.j.r.p.ConsoleReportGenerator       :   - Errors:   0.0% - PASSED
2018-08-06 02:01:05.457  INFO 2724 --- [           main] c.g.n.j.r.p.ConsoleReportGenerator       : 
2018-08-06 02:01:05.457  INFO 2724 --- [           main] c.g.n.j.r.p.ConsoleReportGenerator       : Thread Count: 10
2018-08-06 02:01:05.457  INFO 2724 --- [           main] c.g.n.j.r.p.ConsoleReportGenerator       : Warm up:      10 ms
2018-08-06 02:01:05.457  INFO 2724 --- [           main] c.g.n.j.r.p.ConsoleReportGenerator       : 
2018-08-06 02:01:05.457  INFO 2724 --- [           main] c.g.n.j.r.p.ConsoleReportGenerator       : Execution time: 1250 ms
2018-08-06 02:01:05.457  INFO 2724 --- [           main] c.g.n.j.r.p.ConsoleReportGenerator       : Throughput:     38/s (Required: 50/s) - FAILED!!
2018-08-06 02:01:05.457  INFO 2724 --- [           main] c.g.n.j.r.p.ConsoleReportGenerator       : Min. latency:   12.864366 ms (Required: N/Ams) - {}
2018-08-06 02:01:05.458  INFO 2724 --- [           main] c.g.n.j.r.p.ConsoleReportGenerator       : Max. latency:    1014.9786 ms (Required: N/Ams) - {}
2018-08-06 02:01:05.458  INFO 2724 --- [           main] c.g.n.j.r.p.ConsoleReportGenerator       : Ave. latency:    241.06787 ms (Required: N/Ams) - {}
2018-08-06 02:01:05.458  INFO 2724 --- [           main] c.g.n.j.r.p.ConsoleReportGenerator       : 90:    947.0297ms (Required: 1000.0 ms) - PASSED
2018-08-06 02:01:05.458  INFO 2724 --- [           main] c.g.n.j.r.p.ConsoleReportGenerator       : 95:    995.83484ms (Required: 1100.0 ms) - PASSED
2018-08-06 02:01:05.458  INFO 2724 --- [           main] c.g.n.j.r.p.ConsoleReportGenerator       : 98:    1014.9786ms (Required: 1100.0 ms) - PASSED
2018-08-06 02:01:05.458  INFO 2724 --- [           main] c.g.n.j.r.p.ConsoleReportGenerator       : 99:    1014.9786ms (Required: 1200.0 ms) - PASSED
2018-08-06 02:01:05.458  INFO 2724 --- [           main] c.g.n.j.r.p.ConsoleReportGenerator       : 
2018-08-06 02:01:05.459  INFO 2724 --- [           main] c.g.n.j.r.p.ConsoleReportGenerator       : 
]]></system-out>
    <system-err><![CDATA[Aug 06, 2018 2:00:58 AM org.springframework.boot.test.context.SpringBootTestContextBootstrapper buildDefaultMergedContextConfiguration
信息: Neither @ContextConfiguration nor @ContextHierarchy found for test class [com.pccwglobal.assessment.marssitest.PerformanceTest], using SpringBootContextLoader
Aug 06, 2018 2:00:58 AM org.springframework.test.context.support.AbstractContextLoader generateDefaultLocations
信息: Could not detect default resource locations for test class [com.pccwglobal.assessment.marssitest.PerformanceTest]: no resource found for suffixes {-context.xml, Context.groovy}.
Aug 06, 2018 2:00:58 AM org.springframework.test.context.support.AnnotationConfigContextLoaderUtils detectDefaultConfigurationClasses
信息: Could not detect default configuration classes for test class [com.pccwglobal.assessment.marssitest.PerformanceTest]: PerformanceTest does not declare any static, non-private, non-final, nested classes annotated with @Configuration.
Aug 06, 2018 2:00:58 AM org.springframework.boot.test.context.SpringBootTestContextBootstrapper getOrFindConfigurationClasses
信息: Found @SpringBootConfiguration com.pccwglobal.assessment.marssitest.MarsSiTestApplication for test class com.pccwglobal.assessment.marssitest.PerformanceTest
Aug 06, 2018 2:00:58 AM org.springframework.boot.test.context.SpringBootTestContextBootstrapper getDefaultTestExecutionListenerClassNames
信息: Loaded default TestExecutionListener class names from location [META-INF/spring.factories]: [org.springframework.boot.test.mock.mockito.MockitoTestExecutionListener, org.springframework.boot.test.mock.mockito.ResetMocksTestExecutionListener, org.springframework.boot.test.autoconfigure.restdocs.RestDocsTestExecutionListener, org.springframework.boot.test.autoconfigure.web.client.MockRestServiceServerResetTestExecutionListener, org.springframework.boot.test.autoconfigure.web.servlet.MockMvcPrintOnlyOnFailureTestExecutionListener, org.springframework.boot.test.autoconfigure.web.servlet.WebDriverTestExecutionListener, org.springframework.test.context.web.ServletTestExecutionListener, org.springframework.test.context.support.DirtiesContextBeforeModesTestExecutionListener, org.springframework.test.context.support.DependencyInjectionTestExecutionListener, org.springframework.test.context.support.DirtiesContextTestExecutionListener, org.springframework.test.context.transaction.TransactionalTestExecutionListener, org.springframework.test.context.jdbc.SqlScriptsTestExecutionListener]
Aug 06, 2018 2:00:58 AM org.springframework.boot.test.context.SpringBootTestContextBootstrapper getTestExecutionListeners
信息: Using TestExecutionListeners: [org.springframework.test.context.support.DirtiesContextBeforeModesTestExecutionListener@1972b0, org.springframework.boot.test.mock.mockito.MockitoTestExecutionListener@f3afd9, org.springframework.boot.test.autoconfigure.SpringBootDependencyInjectionTestExecutionListener@3b36e0, org.springframework.test.context.support.DirtiesContextTestExecutionListener@ebcd03, org.springframework.test.context.transaction.TransactionalTestExecutionListener@14abbdc, org.springframework.test.context.jdbc.SqlScriptsTestExecutionListener@5c4b, org.springframework.boot.test.mock.mockito.ResetMocksTestExecutionListener@167f35d, org.springframework.boot.test.autoconfigure.restdocs.RestDocsTestExecutionListener@1fead27, org.springframework.boot.test.autoconfigure.web.client.MockRestServiceServerResetTestExecutionListener@156695f, org.springframework.boot.test.autoconfigure.web.servlet.MockMvcPrintOnlyOnFailureTestExecutionListener@118837a, org.springframework.boot.test.autoconfigure.web.servlet.WebDriverTestExecutionListener@19f7cdf]
SLF4J: Class path contains multiple SLF4J bindings.
SLF4J: Found binding in [jar:file:/E:/JavaTools/eclipse/mavenRepository/com/github/noconnor/junitperf/1.9.1/junitperf-1.9.1.jar!/org/slf4j/impl/StaticLoggerBinder.class]
SLF4J: Found binding in [jar:file:/E:/JavaTools/eclipse/mavenRepository/ch/qos/logback/logback-classic/1.2.3/logback-classic-1.2.3.jar!/org/slf4j/impl/StaticLoggerBinder.class]
SLF4J: See http://www.slf4j.org/codes.html#multiple_bindings for an explanation.
SLF4J: Actual binding is of type [ch.qos.logback.classic.util.ContextSelectorStaticBinder]
]]></system-err>
  </testcase>
  <testcase name="testGetUserByIdPerformance" classname="com.pccwglobal.assessment.marssitest.PerformanceTest" time="1.49"/>
  <testcase name="testCreateUserPerformance" classname="com.pccwglobal.assessment.marssitest.PerformanceTest" time="1.633">
    <failure message="Test throughput threshold not achieved&#10;Expected: is &lt;true&gt;&#10;     but: was &lt;false&gt;" type="java.lang.AssertionError"><![CDATA[java.lang.AssertionError: 
Test throughput threshold not achieved
Expected: is <true>
     but: was <false>
]]></failure>
    <system-out><![CDATA[2018-08-06 02:01:08.211  INFO 2724 --- [           main] c.g.n.j.r.p.ConsoleReportGenerator       : Test Name:    testListUsersPerformance
2018-08-06 02:01:08.211  INFO 2724 --- [           main] c.g.n.j.r.p.ConsoleReportGenerator       : Started at:   2018-08-06 02:01:02
2018-08-06 02:01:08.211  INFO 2724 --- [           main] c.g.n.j.r.p.ConsoleReportGenerator       : Invocations:  48
2018-08-06 02:01:08.211  INFO 2724 --- [           main] c.g.n.j.r.p.ConsoleReportGenerator       :   - Success:  48
2018-08-06 02:01:08.211  INFO 2724 --- [           main] c.g.n.j.r.p.ConsoleReportGenerator       :   - Errors:   0
2018-08-06 02:01:08.211  INFO 2724 --- [           main] c.g.n.j.r.p.ConsoleReportGenerator       :   - Errors:   0.0% - PASSED
2018-08-06 02:01:08.211  INFO 2724 --- [           main] c.g.n.j.r.p.ConsoleReportGenerator       : 
2018-08-06 02:01:08.211  INFO 2724 --- [           main] c.g.n.j.r.p.ConsoleReportGenerator       : Thread Count: 10
2018-08-06 02:01:08.211  INFO 2724 --- [           main] c.g.n.j.r.p.ConsoleReportGenerator       : Warm up:      10 ms
2018-08-06 02:01:08.211  INFO 2724 --- [           main] c.g.n.j.r.p.ConsoleReportGenerator       : 
2018-08-06 02:01:08.212  INFO 2724 --- [           main] c.g.n.j.r.p.ConsoleReportGenerator       : Execution time: 1250 ms
2018-08-06 02:01:08.212  INFO 2724 --- [           main] c.g.n.j.r.p.ConsoleReportGenerator       : Throughput:     38/s (Required: 50/s) - FAILED!!
2018-08-06 02:01:08.212  INFO 2724 --- [           main] c.g.n.j.r.p.ConsoleReportGenerator       : Min. latency:   12.864366 ms (Required: N/Ams) - {}
2018-08-06 02:01:08.212  INFO 2724 --- [           main] c.g.n.j.r.p.ConsoleReportGenerator       : Max. latency:    1014.9786 ms (Required: N/Ams) - {}
2018-08-06 02:01:08.212  INFO 2724 --- [           main] c.g.n.j.r.p.ConsoleReportGenerator       : Ave. latency:    241.06787 ms (Required: N/Ams) - {}
2018-08-06 02:01:08.212  INFO 2724 --- [           main] c.g.n.j.r.p.ConsoleReportGenerator       : 90:    947.0297ms (Required: 1000.0 ms) - PASSED
2018-08-06 02:01:08.212  INFO 2724 --- [           main] c.g.n.j.r.p.ConsoleReportGenerator       : 95:    995.83484ms (Required: 1100.0 ms) - PASSED
2018-08-06 02:01:08.212  INFO 2724 --- [           main] c.g.n.j.r.p.ConsoleReportGenerator       : 98:    1014.9786ms (Required: 1100.0 ms) - PASSED
2018-08-06 02:01:08.212  INFO 2724 --- [           main] c.g.n.j.r.p.ConsoleReportGenerator       : 99:    1014.9786ms (Required: 1200.0 ms) - PASSED
2018-08-06 02:01:08.213  INFO 2724 --- [           main] c.g.n.j.r.p.ConsoleReportGenerator       : 
2018-08-06 02:01:08.213  INFO 2724 --- [           main] c.g.n.j.r.p.ConsoleReportGenerator       : 
2018-08-06 02:01:08.213  INFO 2724 --- [           main] c.g.n.j.r.p.ConsoleReportGenerator       : Test Name:    testCreateUserPerformance
2018-08-06 02:01:08.213  INFO 2724 --- [           main] c.g.n.j.r.p.ConsoleReportGenerator       : Started at:   2018-08-06 02:01:06
2018-08-06 02:01:08.213  INFO 2724 --- [           main] c.g.n.j.r.p.ConsoleReportGenerator       : Invocations:  25
2018-08-06 02:01:08.213  INFO 2724 --- [           main] c.g.n.j.r.p.ConsoleReportGenerator       :   - Success:  25
2018-08-06 02:01:08.213  INFO 2724 --- [           main] c.g.n.j.r.p.ConsoleReportGenerator       :   - Errors:   0
2018-08-06 02:01:08.213  INFO 2724 --- [           main] c.g.n.j.r.p.ConsoleReportGenerator       :   - Errors:   0.0% - PASSED
2018-08-06 02:01:08.213  INFO 2724 --- [           main] c.g.n.j.r.p.ConsoleReportGenerator       : 
2018-08-06 02:01:08.213  INFO 2724 --- [           main] c.g.n.j.r.p.ConsoleReportGenerator       : Thread Count: 10
2018-08-06 02:01:08.213  INFO 2724 --- [           main] c.g.n.j.r.p.ConsoleReportGenerator       : Warm up:      10 ms
2018-08-06 02:01:08.213  INFO 2724 --- [           main] c.g.n.j.r.p.ConsoleReportGenerator       : 
2018-08-06 02:01:08.213  INFO 2724 --- [           main] c.g.n.j.r.p.ConsoleReportGenerator       : Execution time: 1250 ms
2018-08-06 02:01:08.214  INFO 2724 --- [           main] c.g.n.j.r.p.ConsoleReportGenerator       : Throughput:     20/s (Required: 50/s) - FAILED!!
2018-08-06 02:01:08.214  INFO 2724 --- [           main] c.g.n.j.r.p.ConsoleReportGenerator       : Min. latency:   147.68134 ms (Required: N/Ams) - {}
2018-08-06 02:01:08.214  INFO 2724 --- [           main] c.g.n.j.r.p.ConsoleReportGenerator       : Max. latency:    880.4308 ms (Required: N/Ams) - {}
2018-08-06 02:01:08.214  INFO 2724 --- [           main] c.g.n.j.r.p.ConsoleReportGenerator       : Ave. latency:    330.93616 ms (Required: N/Ams) - {}
2018-08-06 02:01:08.214  INFO 2724 --- [           main] c.g.n.j.r.p.ConsoleReportGenerator       : 90:    549.5484ms (Required: 1000.0 ms) - PASSED
2018-08-06 02:01:08.214  INFO 2724 --- [           main] c.g.n.j.r.p.ConsoleReportGenerator       : 95:    783.73956ms (Required: 1100.0 ms) - PASSED
2018-08-06 02:01:08.214  INFO 2724 --- [           main] c.g.n.j.r.p.ConsoleReportGenerator       : 98:    880.4308ms (Required: 1100.0 ms) - PASSED
2018-08-06 02:01:08.214  INFO 2724 --- [           main] c.g.n.j.r.p.ConsoleReportGenerator       : 99:    880.4308ms (Required: 1200.0 ms) - PASSED
2018-08-06 02:01:08.214  INFO 2724 --- [           main] c.g.n.j.r.p.ConsoleReportGenerator       : 
2018-08-06 02:01:08.214  INFO 2724 --- [           main] c.g.n.j.r.p.ConsoleReportGenerator       : 
2018-08-06 02:01:08.214  INFO 2724 --- [           main] c.g.n.j.r.p.ConsoleReportGenerator       : Test Name:    testGetUserByIdPerformance
2018-08-06 02:01:08.215  INFO 2724 --- [           main] c.g.n.j.r.p.ConsoleReportGenerator       : Started at:   2018-08-06 02:01:05
2018-08-06 02:01:08.215  INFO 2724 --- [           main] c.g.n.j.r.p.ConsoleReportGenerator       : Invocations:  84
2018-08-06 02:01:08.215  INFO 2724 --- [           main] c.g.n.j.r.p.ConsoleReportGenerator       :   - Success:  84
2018-08-06 02:01:08.215  INFO 2724 --- [           main] c.g.n.j.r.p.ConsoleReportGenerator       :   - Errors:   0
2018-08-06 02:01:08.215  INFO 2724 --- [           main] c.g.n.j.r.p.ConsoleReportGenerator       :   - Errors:   0.0% - PASSED
2018-08-06 02:01:08.215  INFO 2724 --- [           main] c.g.n.j.r.p.ConsoleReportGenerator       : 
2018-08-06 02:01:08.215  INFO 2724 --- [           main] c.g.n.j.r.p.ConsoleReportGenerator       : Thread Count: 10
2018-08-06 02:01:08.215  INFO 2724 --- [           main] c.g.n.j.r.p.ConsoleReportGenerator       : Warm up:      10 ms
2018-08-06 02:01:08.215  INFO 2724 --- [           main] c.g.n.j.r.p.ConsoleReportGenerator       : 
2018-08-06 02:01:08.215  INFO 2724 --- [           main] c.g.n.j.r.p.ConsoleReportGenerator       : Execution time: 1250 ms
2018-08-06 02:01:08.215  INFO 2724 --- [           main] c.g.n.j.r.p.ConsoleReportGenerator       : Throughput:     67/s (Required: 50/s) - PASSED
2018-08-06 02:01:08.215  INFO 2724 --- [           main] c.g.n.j.r.p.ConsoleReportGenerator       : Min. latency:   4.753972 ms (Required: N/Ams) - {}
2018-08-06 02:01:08.215  INFO 2724 --- [           main] c.g.n.j.r.p.ConsoleReportGenerator       : Max. latency:    18.791113 ms (Required: N/Ams) - {}
2018-08-06 02:01:08.215  INFO 2724 --- [           main] c.g.n.j.r.p.ConsoleReportGenerator       : Ave. latency:    6.887427 ms (Required: N/Ams) - {}
2018-08-06 02:01:08.215  INFO 2724 --- [           main] c.g.n.j.r.p.ConsoleReportGenerator       : 90:    10.784888ms (Required: 1000.0 ms) - PASSED
2018-08-06 02:01:08.215  INFO 2724 --- [           main] c.g.n.j.r.p.ConsoleReportGenerator       : 95:    12.937613ms (Required: 1100.0 ms) - PASSED
2018-08-06 02:01:08.215  INFO 2724 --- [           main] c.g.n.j.r.p.ConsoleReportGenerator       : 98:    16.15282ms (Required: 1100.0 ms) - PASSED
2018-08-06 02:01:08.215  INFO 2724 --- [           main] c.g.n.j.r.p.ConsoleReportGenerator       : 99:    18.791113ms (Required: 1200.0 ms) - PASSED
2018-08-06 02:01:08.216  INFO 2724 --- [           main] c.g.n.j.r.p.ConsoleReportGenerator       : 
2018-08-06 02:01:08.216  INFO 2724 --- [           main] c.g.n.j.r.p.ConsoleReportGenerator       : 
2018-08-06 02:01:08.217  INFO 2724 --- [           main] c.g.n.j.r.providers.HtmlReportGenerator  : Rendering report to: .\performanceTestReport.html
]]></system-out>
  </testcase>
  <testcase name="testDeleteUserByIdPerformance" classname="com.pccwglobal.assessment.marssitest.PerformanceTest" time="1.536"/>
  <testcase name="testUpdateUserPerformance" classname="com.pccwglobal.assessment.marssitest.PerformanceTest" time="1.654"/>
</testsuite>